Copyright 1986-2017 Xilinx, Inc. All Rights Reserved.
------------------------------------------------------------------------------------------------
| Tool Version : Vivado v.2017.4 (win64) Build 2086221 Fri Dec 15 20:55:39 MST 2017
| Date         : Sun Jun 21 15:26:09 2020
| Host         : DESKTOP-B38P1G4 running 64-bit major release  (build 9200)
| Command      : report_control_sets -verbose -file Zynq_System_wrapper_control_sets_placed.rpt
| Design       : Zynq_System_wrapper
| Device       : xc7z007s
------------------------------------------------------------------------------------------------

Control Set Information

Table of Contents
-----------------
1. Summary
2. Flip-Flop Distribution
3. Detailed Control Set Information

1. Summary
----------

+----------------------------------------------------------+-------+
|                          Status                          | Count |
+----------------------------------------------------------+-------+
| Number of unique control sets                            |     6 |
| Unused register locations in slices containing registers |     6 |
+----------------------------------------------------------+-------+


2. Flip-Flop Distribution
-------------------------

+--------------+-----------------------+------------------------+-----------------+--------------+
| Clock Enable | Synchronous Set/Reset | Asynchronous Set/Reset | Total Registers | Total Slices |
+--------------+-----------------------+------------------------+-----------------+--------------+
| No           | No                    | No                     |               2 |            1 |
| No           | No                    | Yes                    |               0 |            0 |
| No           | Yes                   | No                     |              32 |            8 |
| Yes          | No                    | No                     |              24 |           12 |
| Yes          | No                    | Yes                    |               0 |            0 |
| Yes          | Yes                   | No                     |              32 |            8 |
+--------------+-----------------------+------------------------+-----------------+--------------+


3. Detailed Control Set Information
-----------------------------------

+----------------------------------------------------+---------------------------------------------------------+-------------------------------------------+------------------+----------------+
|                    Clock Signal                    |                      Enable Signal                      |              Set/Reset Signal             | Slice Load Count | Bel Load Count |
+----------------------------------------------------+---------------------------------------------------------+-------------------------------------------+------------------+----------------+
|  Zynq_System_i/processing_system7_0/inst/FCLK_CLK0 |                                                         |                                           |                1 |              2 |
|  Zynq_System_i/processing_system7_0/inst/FCLK_CLK0 | Zynq_System_i/LogicSignalOut_0/inst/hour[7]_i_1_n_0     |                                           |                5 |              8 |
|  Zynq_System_i/processing_system7_0/inst/FCLK_CLK0 | Zynq_System_i/LogicSignalOut_0/inst/second[7]_i_1_n_0   |                                           |                3 |              8 |
|  Zynq_System_i/processing_system7_0/inst/FCLK_CLK0 | Zynq_System_i/LogicSignalOut_0/inst/min[7]_i_1_n_0      |                                           |                4 |              8 |
|  Zynq_System_i/processing_system7_0/inst/FCLK_CLK0 |                                                         | Zynq_System_i/LogicSignalOut_0/inst/data0 |                8 |             32 |
|  Zynq_System_i/processing_system7_0/inst/FCLK_CLK0 | Zynq_System_i/LogicSignalOut_0/inst/count1_carry__2_n_0 | Zynq_System_i/LogicSignalOut_0/inst/i     |                8 |             32 |
+----------------------------------------------------+---------------------------------------------------------+-------------------------------------------+------------------+----------------+


+--------+-----------------------+
| Fanout | Number of ControlSets |
+--------+-----------------------+
| 2      |                     1 |
| 8      |                     3 |
| 16+    |                     2 |
+--------+-----------------------+


