
*** Running vivado
    with args -log Zynq_System_wrapper.vds -m64 -product Vivado -mode batch -messageDb vivado.pb -notrace -source Zynq_System_wrapper.tcl


****** Vivado v2017.4 (64-bit)
  **** SW Build 2086221 on Fri Dec 15 20:55:39 MST 2017
  **** IP Build 2085800 on Fri Dec 15 22:25:07 MST 2017
    ** Copyright 1986-2017 Xilinx, Inc. All Rights Reserved.

source Zynq_System_wrapper.tcl -notrace
INFO: [IP_Flow 19-234] Refreshing IP repositories
INFO: [IP_Flow 19-1704] No user IP repositories specified
INFO: [IP_Flow 19-2313] Loaded Vivado IP repository 'C:/Xilinx/Vivado/2017.4/data/ip'.
add_files: Time (s): cpu = 00:00:03 ; elapsed = 00:00:05 . Memory (MB): peak = 254.637 ; gain = 23.988
Command: synth_design -top Zynq_System_wrapper -part xc7z007sclg225-1
Starting synth_design
Attempting to get a license for feature 'Synthesis' and/or device 'xc7z007s'
INFO: [Common 17-349] Got license for feature 'Synthesis' and/or device 'xc7z007s'
INFO: Launching helper process for spawning children vivado processes
INFO: Helper process launched with PID 17284 
---------------------------------------------------------------------------------
Starting RTL Elaboration : Time (s): cpu = 00:00:08 ; elapsed = 00:00:09 . Memory (MB): peak = 367.355 ; gain = 105.539
---------------------------------------------------------------------------------
INFO: [Synth 8-638] synthesizing module 'Zynq_System_wrapper' [C:/Users/Public/Zynq System/Zynq System.srcs/sources_1/bd/Zynq_System/hdl/Zynq_System_wrapper.v:12]
INFO: [Synth 8-638] synthesizing module 'Zynq_System' [C:/Users/Public/Zynq System/Zynq System.srcs/sources_1/bd/Zynq_System/synth/Zynq_System.v:13]
INFO: [Synth 8-638] synthesizing module 'Zynq_System_LogicSignalOut_0_0' [C:/Users/Public/Zynq System/Zynq System.runs/synth_1/.Xil/Vivado-2204-DESKTOP-B38P1G4/realtime/Zynq_System_LogicSignalOut_0_0_stub.v:6]
INFO: [Synth 8-256] done synthesizing module 'Zynq_System_LogicSignalOut_0_0' (1#1) [C:/Users/Public/Zynq System/Zynq System.runs/synth_1/.Xil/Vivado-2204-DESKTOP-B38P1G4/realtime/Zynq_System_LogicSignalOut_0_0_stub.v:6]
INFO: [Synth 8-638] synthesizing module 'Zynq_System_proc_sys_reset_0_1' [C:/Users/Public/Zynq System/Zynq System.runs/synth_1/.Xil/Vivado-2204-DESKTOP-B38P1G4/realtime/Zynq_System_proc_sys_reset_0_1_stub.v:6]
INFO: [Synth 8-256] done synthesizing module 'Zynq_System_proc_sys_reset_0_1' (2#1) [C:/Users/Public/Zynq System/Zynq System.runs/synth_1/.Xil/Vivado-2204-DESKTOP-B38P1G4/realtime/Zynq_System_proc_sys_reset_0_1_stub.v:6]
WARNING: [Synth 8-350] instance 'proc_sys_reset_0' of module 'Zynq_System_proc_sys_reset_0_1' requires 10 connections, but only 6 given [C:/Users/Public/Zynq System/Zynq System.srcs/sources_1/bd/Zynq_System/synth/Zynq_System.v:95]
INFO: [Synth 8-638] synthesizing module 'Zynq_System_processing_system7_0_0' [C:/Users/Public/Zynq System/Zynq System.runs/synth_1/.Xil/Vivado-2204-DESKTOP-B38P1G4/realtime/Zynq_System_processing_system7_0_0_stub.v:6]
INFO: [Synth 8-256] done synthesizing module 'Zynq_System_processing_system7_0_0' (3#1) [C:/Users/Public/Zynq System/Zynq System.runs/synth_1/.Xil/Vivado-2204-DESKTOP-B38P1G4/realtime/Zynq_System_processing_system7_0_0_stub.v:6]
WARNING: [Synth 8-350] instance 'processing_system7_0' of module 'Zynq_System_processing_system7_0_0' requires 32 connections, but only 26 given [C:/Users/Public/Zynq System/Zynq System.srcs/sources_1/bd/Zynq_System/synth/Zynq_System.v:102]
INFO: [Synth 8-256] done synthesizing module 'Zynq_System' (4#1) [C:/Users/Public/Zynq System/Zynq System.srcs/sources_1/bd/Zynq_System/synth/Zynq_System.v:13]
INFO: [Synth 8-256] done synthesizing module 'Zynq_System_wrapper' (5#1) [C:/Users/Public/Zynq System/Zynq System.srcs/sources_1/bd/Zynq_System/hdl/Zynq_System_wrapper.v:12]
---------------------------------------------------------------------------------
Finished RTL Elaboration : Time (s): cpu = 00:00:09 ; elapsed = 00:00:11 . Memory (MB): peak = 419.211 ; gain = 157.395
---------------------------------------------------------------------------------

Report Check Netlist: 
+------+------------------+-------+---------+-------+------------------+
|      |Item              |Errors |Warnings |Status |Description       |
+------+------------------+-------+---------+-------+------------------+
|1     |multi_driven_nets |      0|        0|Passed |Multi driven nets |
+------+------------------+-------+---------+-------+------------------+
---------------------------------------------------------------------------------
Finished RTL Optimization Phase 1 : Time (s): cpu = 00:00:10 ; elapsed = 00:00:11 . Memory (MB): peak = 419.211 ; gain = 157.395
---------------------------------------------------------------------------------
INFO: [Device 21-403] Loading part xc7z007sclg225-1
INFO: [Project 1-570] Preparing netlist for logic optimization

Processing XDC Constraints
Initializing timing engine
Parsing XDC File [C:/Users/Public/Zynq System/Zynq System.runs/synth_1/.Xil/Vivado-2204-DESKTOP-B38P1G4/dcp3/Zynq_System_processing_system7_0_0_in_context.xdc] for cell 'Zynq_System_i/processing_system7_0'
Finished Parsing XDC File [C:/Users/Public/Zynq System/Zynq System.runs/synth_1/.Xil/Vivado-2204-DESKTOP-B38P1G4/dcp3/Zynq_System_processing_system7_0_0_in_context.xdc] for cell 'Zynq_System_i/processing_system7_0'
Parsing XDC File [C:/Users/Public/Zynq System/Zynq System.runs/synth_1/.Xil/Vivado-2204-DESKTOP-B38P1G4/dcp4/Zynq_System_proc_sys_reset_0_1_in_context.xdc] for cell 'Zynq_System_i/proc_sys_reset_0'
Finished Parsing XDC File [C:/Users/Public/Zynq System/Zynq System.runs/synth_1/.Xil/Vivado-2204-DESKTOP-B38P1G4/dcp4/Zynq_System_proc_sys_reset_0_1_in_context.xdc] for cell 'Zynq_System_i/proc_sys_reset_0'
Parsing XDC File [C:/Users/Public/Zynq System/Zynq System.runs/synth_1/.Xil/Vivado-2204-DESKTOP-B38P1G4/dcp5/Zynq_System_LogicSignalOut_0_0_in_context.xdc] for cell 'Zynq_System_i/LogicSignalOut_0'
Finished Parsing XDC File [C:/Users/Public/Zynq System/Zynq System.runs/synth_1/.Xil/Vivado-2204-DESKTOP-B38P1G4/dcp5/Zynq_System_LogicSignalOut_0_0_in_context.xdc] for cell 'Zynq_System_i/LogicSignalOut_0'
Parsing XDC File [C:/Xilinx/Vivado/2017.4/data/boards/board_files/MiniZed_Constraints_Rev1_170613.xdc]
WARNING: [Vivado 12-584] No ports matched 'ARDUINO_A0'. [C:/Xilinx/Vivado/2017.4/data/boards/board_files/MiniZed_Constraints_Rev1_170613.xdc:52]
WARNING: [Vivado 12-584] No ports matched 'ARDUINO_A1'. [C:/Xilinx/Vivado/2017.4/data/boards/board_files/MiniZed_Constraints_Rev1_170613.xdc:53]
WARNING: [Vivado 12-584] No ports matched 'ARDUINO_A2'. [C:/Xilinx/Vivado/2017.4/data/boards/board_files/MiniZed_Constraints_Rev1_170613.xdc:54]
WARNING: [Vivado 12-584] No ports matched 'ARDUINO_A3'. [C:/Xilinx/Vivado/2017.4/data/boards/board_files/MiniZed_Constraints_Rev1_170613.xdc:58]
WARNING: [Vivado 12-584] No ports matched 'ARDUINO_A4'. [C:/Xilinx/Vivado/2017.4/data/boards/board_files/MiniZed_Constraints_Rev1_170613.xdc:59]
WARNING: [Vivado 12-584] No ports matched 'ARDUINO_A5'. [C:/Xilinx/Vivado/2017.4/data/boards/board_files/MiniZed_Constraints_Rev1_170613.xdc:60]
WARNING: [Vivado 12-584] No ports matched 'ARDUINO_IO12'. [C:/Xilinx/Vivado/2017.4/data/boards/board_files/MiniZed_Constraints_Rev1_170613.xdc:74]
WARNING: [Vivado 12-584] No ports matched 'ARDUINO_IO13'. [C:/Xilinx/Vivado/2017.4/data/boards/board_files/MiniZed_Constraints_Rev1_170613.xdc:75]
WARNING: [Vivado 12-584] No ports matched 'PL_LED_G'. [C:/Xilinx/Vivado/2017.4/data/boards/board_files/MiniZed_Constraints_Rev1_170613.xdc:84]
WARNING: [Vivado 12-584] No ports matched 'PL_LED_R'. [C:/Xilinx/Vivado/2017.4/data/boards/board_files/MiniZed_Constraints_Rev1_170613.xdc:85]
WARNING: [Vivado 12-584] No ports matched 'PL_SW'. [C:/Xilinx/Vivado/2017.4/data/boards/board_files/MiniZed_Constraints_Rev1_170613.xdc:86]
WARNING: [Vivado 12-584] No ports matched 'AUDIO_CLK'. [C:/Xilinx/Vivado/2017.4/data/boards/board_files/MiniZed_Constraints_Rev1_170613.xdc:92]
WARNING: [Vivado 12-584] No ports matched 'AUDIO_DO'. [C:/Xilinx/Vivado/2017.4/data/boards/board_files/MiniZed_Constraints_Rev1_170613.xdc:93]
WARNING: [Vivado 12-584] No ports matched 'BT_CTS_IN_N'. [C:/Xilinx/Vivado/2017.4/data/boards/board_files/MiniZed_Constraints_Rev1_170613.xdc:99]
WARNING: [Vivado 12-584] No ports matched 'BT_HOST_WAKE'. [C:/Xilinx/Vivado/2017.4/data/boards/board_files/MiniZed_Constraints_Rev1_170613.xdc:100]
WARNING: [Vivado 12-584] No ports matched 'BT_REG_ON'. [C:/Xilinx/Vivado/2017.4/data/boards/board_files/MiniZed_Constraints_Rev1_170613.xdc:101]
WARNING: [Vivado 12-584] No ports matched 'BT_RTS_OUT_N'. [C:/Xilinx/Vivado/2017.4/data/boards/board_files/MiniZed_Constraints_Rev1_170613.xdc:102]
WARNING: [Vivado 12-584] No ports matched 'BT_RXD_IN'. [C:/Xilinx/Vivado/2017.4/data/boards/board_files/MiniZed_Constraints_Rev1_170613.xdc:103]
WARNING: [Vivado 12-584] No ports matched 'BT_TXD_OUT'. [C:/Xilinx/Vivado/2017.4/data/boards/board_files/MiniZed_Constraints_Rev1_170613.xdc:104]
WARNING: [Vivado 12-584] No ports matched 'WL_HOST_WAKE'. [C:/Xilinx/Vivado/2017.4/data/boards/board_files/MiniZed_Constraints_Rev1_170613.xdc:106]
WARNING: [Vivado 12-584] No ports matched 'WL_REG_ON'. [C:/Xilinx/Vivado/2017.4/data/boards/board_files/MiniZed_Constraints_Rev1_170613.xdc:107]
WARNING: [Vivado 12-584] No ports matched 'WL_SDIO_CLK_R'. [C:/Xilinx/Vivado/2017.4/data/boards/board_files/MiniZed_Constraints_Rev1_170613.xdc:108]
WARNING: [Vivado 12-584] No ports matched 'WL_SDIO_CMD'. [C:/Xilinx/Vivado/2017.4/data/boards/board_files/MiniZed_Constraints_Rev1_170613.xdc:109]
WARNING: [Vivado 12-584] No ports matched 'WL_SDIO_D0'. [C:/Xilinx/Vivado/2017.4/data/boards/board_files/MiniZed_Constraints_Rev1_170613.xdc:110]
WARNING: [Vivado 12-584] No ports matched 'WL_SDIO_D1'. [C:/Xilinx/Vivado/2017.4/data/boards/board_files/MiniZed_Constraints_Rev1_170613.xdc:111]
WARNING: [Vivado 12-584] No ports matched 'WL_SDIO_D2'. [C:/Xilinx/Vivado/2017.4/data/boards/board_files/MiniZed_Constraints_Rev1_170613.xdc:112]
WARNING: [Vivado 12-584] No ports matched 'WL_SDIO_D3'. [C:/Xilinx/Vivado/2017.4/data/boards/board_files/MiniZed_Constraints_Rev1_170613.xdc:113]
WARNING: [Vivado 12-584] No ports matched 'I2C_SCL'. [C:/Xilinx/Vivado/2017.4/data/boards/board_files/MiniZed_Constraints_Rev1_170613.xdc:120]
WARNING: [Vivado 12-584] No ports matched 'I2C_SDA'. [C:/Xilinx/Vivado/2017.4/data/boards/board_files/MiniZed_Constraints_Rev1_170613.xdc:121]
WARNING: [Vivado 12-584] No ports matched 'PMOD1_D0_N'. [C:/Xilinx/Vivado/2017.4/data/boards/board_files/MiniZed_Constraints_Rev1_170613.xdc:127]
WARNING: [Vivado 12-584] No ports matched 'PMOD1_D0_P'. [C:/Xilinx/Vivado/2017.4/data/boards/board_files/MiniZed_Constraints_Rev1_170613.xdc:128]
WARNING: [Vivado 12-584] No ports matched 'PMOD1_D1_N'. [C:/Xilinx/Vivado/2017.4/data/boards/board_files/MiniZed_Constraints_Rev1_170613.xdc:129]
WARNING: [Vivado 12-584] No ports matched 'PMOD1_D1_P'. [C:/Xilinx/Vivado/2017.4/data/boards/board_files/MiniZed_Constraints_Rev1_170613.xdc:130]
WARNING: [Vivado 12-584] No ports matched 'PMOD1_D2_N'. [C:/Xilinx/Vivado/2017.4/data/boards/board_files/MiniZed_Constraints_Rev1_170613.xdc:131]
WARNING: [Vivado 12-584] No ports matched 'PMOD1_D2_P'. [C:/Xilinx/Vivado/2017.4/data/boards/board_files/MiniZed_Constraints_Rev1_170613.xdc:132]
WARNING: [Vivado 12-584] No ports matched 'PMOD1_D3_N'. [C:/Xilinx/Vivado/2017.4/data/boards/board_files/MiniZed_Constraints_Rev1_170613.xdc:133]
WARNING: [Vivado 12-584] No ports matched 'PMOD1_D3_P'. [C:/Xilinx/Vivado/2017.4/data/boards/board_files/MiniZed_Constraints_Rev1_170613.xdc:134]
WARNING: [Vivado 12-584] No ports matched 'PMOD2_D0_N'. [C:/Xilinx/Vivado/2017.4/data/boards/board_files/MiniZed_Constraints_Rev1_170613.xdc:140]
WARNING: [Vivado 12-584] No ports matched 'PMOD2_D0_P'. [C:/Xilinx/Vivado/2017.4/data/boards/board_files/MiniZed_Constraints_Rev1_170613.xdc:141]
WARNING: [Vivado 12-584] No ports matched 'PMOD2_D1_N'. [C:/Xilinx/Vivado/2017.4/data/boards/board_files/MiniZed_Constraints_Rev1_170613.xdc:142]
WARNING: [Vivado 12-584] No ports matched 'PMOD2_D1_P'. [C:/Xilinx/Vivado/2017.4/data/boards/board_files/MiniZed_Constraints_Rev1_170613.xdc:143]
WARNING: [Vivado 12-584] No ports matched 'PMOD2_D2_N'. [C:/Xilinx/Vivado/2017.4/data/boards/board_files/MiniZed_Constraints_Rev1_170613.xdc:144]
WARNING: [Vivado 12-584] No ports matched 'PMOD2_D2_P'. [C:/Xilinx/Vivado/2017.4/data/boards/board_files/MiniZed_Constraints_Rev1_170613.xdc:145]
WARNING: [Vivado 12-584] No ports matched 'PMOD2_D3_N'. [C:/Xilinx/Vivado/2017.4/data/boards/board_files/MiniZed_Constraints_Rev1_170613.xdc:146]
WARNING: [Vivado 12-584] No ports matched 'PMOD2_D3_P'. [C:/Xilinx/Vivado/2017.4/data/boards/board_files/MiniZed_Constraints_Rev1_170613.xdc:147]
WARNING: [Vivado 12-584] No ports matched '[get_ports -of_objects [get_iobanks 34]]'. [C:/Xilinx/Vivado/2017.4/data/boards/board_files/MiniZed_Constraints_Rev1_170613.xdc:162]
WARNING: [Vivado 12-584] No ports matched '[get_ports -of_objects [get_iobanks 35]]'. [C:/Xilinx/Vivado/2017.4/data/boards/board_files/MiniZed_Constraints_Rev1_170613.xdc:165]
Finished Parsing XDC File [C:/Xilinx/Vivado/2017.4/data/boards/board_files/MiniZed_Constraints_Rev1_170613.xdc]
WARNING: [Project 1-498] One or more constraints failed evaluation while reading constraint file [C:/Xilinx/Vivado/2017.4/data/boards/board_files/MiniZed_Constraints_Rev1_170613.xdc] and the design contains unresolved black boxes. These constraints will be read post-synthesis (as long as their source constraint file is marked as used_in_implementation) and should be applied correctly then. You should review the constraints listed in the file [.Xil/Zynq_System_wrapper_propImpl.xdc] and check the run log file to verify that these constraints were correctly applied.
INFO: [Project 1-236] Implementation specific constraints were found while reading constraint file [C:/Xilinx/Vivado/2017.4/data/boards/board_files/MiniZed_Constraints_Rev1_170613.xdc]. These constraints will be ignored for synthesis but will be used in implementation. Impacted constraints are listed in the file [.Xil/Zynq_System_wrapper_propImpl.xdc].
Resolution: To avoid this warning, move constraints listed in [.Xil/Zynq_System_wrapper_propImpl.xdc] to another XDC file and exclude this new file from synthesis with the used_in_synthesis property (File Properties dialog in GUI) and re-run elaboration/synthesis.
Parsing XDC File [C:/Users/Public/Zynq System/Zynq System.runs/synth_1/dont_touch.xdc]
Finished Parsing XDC File [C:/Users/Public/Zynq System/Zynq System.runs/synth_1/dont_touch.xdc]
Completed Processing XDC Constraints

INFO: [Project 1-111] Unisim Transformation Summary:
No Unisim elements were transformed.

Constraint Validation Runtime : Time (s): cpu = 00:00:00 ; elapsed = 00:00:00.041 . Memory (MB): peak = 679.859 ; gain = 0.000
---------------------------------------------------------------------------------
Finished Constraint Validation : Time (s): cpu = 00:00:39 ; elapsed = 00:00:45 . Memory (MB): peak = 679.859 ; gain = 418.043
---------------------------------------------------------------------------------
---------------------------------------------------------------------------------
Start Loading Part and Timing Information
---------------------------------------------------------------------------------
Loading part: xc7z007sclg225-1
---------------------------------------------------------------------------------
Finished Loading Part and Timing Information : Time (s): cpu = 00:00:39 ; elapsed = 00:00:45 . Memory (MB): peak = 679.859 ; gain = 418.043
---------------------------------------------------------------------------------
---------------------------------------------------------------------------------
Start Applying 'set_property' XDC Constraints
---------------------------------------------------------------------------------
Applied set_property IO_BUFFER_TYPE = NONE for DDR_addr[0]. (constraint file  {C:/Users/Public/Zynq System/Zynq System.runs/synth_1/.Xil/Vivado-2204-DESKTOP-B38P1G4/dcp3/Zynq_System_processing_system7_0_0_in_context.xdc}, line 2).
Applied set_property CLOCK_BUFFER_TYPE = NONE for DDR_addr[0]. (constraint file  {C:/Users/Public/Zynq System/Zynq System.runs/synth_1/.Xil/Vivado-2204-DESKTOP-B38P1G4/dcp3/Zynq_System_processing_system7_0_0_in_context.xdc}, line 3).
Applied set_property IO_BUFFER_TYPE = NONE for DDR_addr[10]. (constraint file  {C:/Users/Public/Zynq System/Zynq System.runs/synth_1/.Xil/Vivado-2204-DESKTOP-B38P1G4/dcp3/Zynq_System_processing_system7_0_0_in_context.xdc}, line 4).
Applied set_property CLOCK_BUFFER_TYPE = NONE for DDR_addr[10]. (constraint file  {C:/Users/Public/Zynq System/Zynq System.runs/synth_1/.Xil/Vivado-2204-DESKTOP-B38P1G4/dcp3/Zynq_System_processing_system7_0_0_in_context.xdc}, line 5).
Applied set_property IO_BUFFER_TYPE = NONE for DDR_addr[11]. (constraint file  {C:/Users/Public/Zynq System/Zynq System.runs/synth_1/.Xil/Vivado-2204-DESKTOP-B38P1G4/dcp3/Zynq_System_processing_system7_0_0_in_context.xdc}, line 6).
Applied set_property CLOCK_BUFFER_TYPE = NONE for DDR_addr[11]. (constraint file  {C:/Users/Public/Zynq System/Zynq System.runs/synth_1/.Xil/Vivado-2204-DESKTOP-B38P1G4/dcp3/Zynq_System_processing_system7_0_0_in_context.xdc}, line 7).
Applied set_property IO_BUFFER_TYPE = NONE for DDR_addr[12]. (constraint file  {C:/Users/Public/Zynq System/Zynq System.runs/synth_1/.Xil/Vivado-2204-DESKTOP-B38P1G4/dcp3/Zynq_System_processing_system7_0_0_in_context.xdc}, line 8).
Applied set_property CLOCK_BUFFER_TYPE = NONE for DDR_addr[12]. (constraint file  {C:/Users/Public/Zynq System/Zynq System.runs/synth_1/.Xil/Vivado-2204-DESKTOP-B38P1G4/dcp3/Zynq_System_processing_system7_0_0_in_context.xdc}, line 9).
Applied set_property IO_BUFFER_TYPE = NONE for DDR_addr[13]. (constraint file  {C:/Users/Public/Zynq System/Zynq System.runs/synth_1/.Xil/Vivado-2204-DESKTOP-B38P1G4/dcp3/Zynq_System_processing_system7_0_0_in_context.xdc}, line 10).
Applied set_property CLOCK_BUFFER_TYPE = NONE for DDR_addr[13]. (constraint file  {C:/Users/Public/Zynq System/Zynq System.runs/synth_1/.Xil/Vivado-2204-DESKTOP-B38P1G4/dcp3/Zynq_System_processing_system7_0_0_in_context.xdc}, line 11).
Applied set_property IO_BUFFER_TYPE = NONE for DDR_addr[14]. (constraint file  {C:/Users/Public/Zynq System/Zynq System.runs/synth_1/.Xil/Vivado-2204-DESKTOP-B38P1G4/dcp3/Zynq_System_processing_system7_0_0_in_context.xdc}, line 12).
Applied set_property CLOCK_BUFFER_TYPE = NONE for DDR_addr[14]. (constraint file  {C:/Users/Public/Zynq System/Zynq System.runs/synth_1/.Xil/Vivado-2204-DESKTOP-B38P1G4/dcp3/Zynq_System_processing_system7_0_0_in_context.xdc}, line 13).
Applied set_property IO_BUFFER_TYPE = NONE for DDR_addr[1]. (constraint file  {C:/Users/Public/Zynq System/Zynq System.runs/synth_1/.Xil/Vivado-2204-DESKTOP-B38P1G4/dcp3/Zynq_System_processing_system7_0_0_in_context.xdc}, line 14).
Applied set_property CLOCK_BUFFER_TYPE = NONE for DDR_addr[1]. (constraint file  {C:/Users/Public/Zynq System/Zynq System.runs/synth_1/.Xil/Vivado-2204-DESKTOP-B38P1G4/dcp3/Zynq_System_processing_system7_0_0_in_context.xdc}, line 15).
Applied set_property IO_BUFFER_TYPE = NONE for DDR_addr[2]. (constraint file  {C:/Users/Public/Zynq System/Zynq System.runs/synth_1/.Xil/Vivado-2204-DESKTOP-B38P1G4/dcp3/Zynq_System_processing_system7_0_0_in_context.xdc}, line 16).
Applied set_property CLOCK_BUFFER_TYPE = NONE for DDR_addr[2]. (constraint file  {C:/Users/Public/Zynq System/Zynq System.runs/synth_1/.Xil/Vivado-2204-DESKTOP-B38P1G4/dcp3/Zynq_System_processing_system7_0_0_in_context.xdc}, line 17).
Applied set_property IO_BUFFER_TYPE = NONE for DDR_addr[3]. (constraint file  {C:/Users/Public/Zynq System/Zynq System.runs/synth_1/.Xil/Vivado-2204-DESKTOP-B38P1G4/dcp3/Zynq_System_processing_system7_0_0_in_context.xdc}, line 18).
Applied set_property CLOCK_BUFFER_TYPE = NONE for DDR_addr[3]. (constraint file  {C:/Users/Public/Zynq System/Zynq System.runs/synth_1/.Xil/Vivado-2204-DESKTOP-B38P1G4/dcp3/Zynq_System_processing_system7_0_0_in_context.xdc}, line 19).
Applied set_property IO_BUFFER_TYPE = NONE for DDR_addr[4]. (constraint file  {C:/Users/Public/Zynq System/Zynq System.runs/synth_1/.Xil/Vivado-2204-DESKTOP-B38P1G4/dcp3/Zynq_System_processing_system7_0_0_in_context.xdc}, line 20).
Applied set_property CLOCK_BUFFER_TYPE = NONE for DDR_addr[4]. (constraint file  {C:/Users/Public/Zynq System/Zynq System.runs/synth_1/.Xil/Vivado-2204-DESKTOP-B38P1G4/dcp3/Zynq_System_processing_system7_0_0_in_context.xdc}, line 21).
Applied set_property IO_BUFFER_TYPE = NONE for DDR_addr[5]. (constraint file  {C:/Users/Public/Zynq System/Zynq System.runs/synth_1/.Xil/Vivado-2204-DESKTOP-B38P1G4/dcp3/Zynq_System_processing_system7_0_0_in_context.xdc}, line 22).
Applied set_property CLOCK_BUFFER_TYPE = NONE for DDR_addr[5]. (constraint file  {C:/Users/Public/Zynq System/Zynq System.runs/synth_1/.Xil/Vivado-2204-DESKTOP-B38P1G4/dcp3/Zynq_System_processing_system7_0_0_in_context.xdc}, line 23).
Applied set_property IO_BUFFER_TYPE = NONE for DDR_addr[6]. (constraint file  {C:/Users/Public/Zynq System/Zynq System.runs/synth_1/.Xil/Vivado-2204-DESKTOP-B38P1G4/dcp3/Zynq_System_processing_system7_0_0_in_context.xdc}, line 24).
Applied set_property CLOCK_BUFFER_TYPE = NONE for DDR_addr[6]. (constraint file  {C:/Users/Public/Zynq System/Zynq System.runs/synth_1/.Xil/Vivado-2204-DESKTOP-B38P1G4/dcp3/Zynq_System_processing_system7_0_0_in_context.xdc}, line 25).
Applied set_property IO_BUFFER_TYPE = NONE for DDR_addr[7]. (constraint file  {C:/Users/Public/Zynq System/Zynq System.runs/synth_1/.Xil/Vivado-2204-DESKTOP-B38P1G4/dcp3/Zynq_System_processing_system7_0_0_in_context.xdc}, line 26).
Applied set_property CLOCK_BUFFER_TYPE = NONE for DDR_addr[7]. (constraint file  {C:/Users/Public/Zynq System/Zynq System.runs/synth_1/.Xil/Vivado-2204-DESKTOP-B38P1G4/dcp3/Zynq_System_processing_system7_0_0_in_context.xdc}, line 27).
Applied set_property IO_BUFFER_TYPE = NONE for DDR_addr[8]. (constraint file  {C:/Users/Public/Zynq System/Zynq System.runs/synth_1/.Xil/Vivado-2204-DESKTOP-B38P1G4/dcp3/Zynq_System_processing_system7_0_0_in_context.xdc}, line 28).
Applied set_property CLOCK_BUFFER_TYPE = NONE for DDR_addr[8]. (constraint file  {C:/Users/Public/Zynq System/Zynq System.runs/synth_1/.Xil/Vivado-2204-DESKTOP-B38P1G4/dcp3/Zynq_System_processing_system7_0_0_in_context.xdc}, line 29).
Applied set_property IO_BUFFER_TYPE = NONE for DDR_addr[9]. (constraint file  {C:/Users/Public/Zynq System/Zynq System.runs/synth_1/.Xil/Vivado-2204-DESKTOP-B38P1G4/dcp3/Zynq_System_processing_system7_0_0_in_context.xdc}, line 30).
Applied set_property CLOCK_BUFFER_TYPE = NONE for DDR_addr[9]. (constraint file  {C:/Users/Public/Zynq System/Zynq System.runs/synth_1/.Xil/Vivado-2204-DESKTOP-B38P1G4/dcp3/Zynq_System_processing_system7_0_0_in_context.xdc}, line 31).
Applied set_property IO_BUFFER_TYPE = NONE for DDR_ba[0]. (constraint file  {C:/Users/Public/Zynq System/Zynq System.runs/synth_1/.Xil/Vivado-2204-DESKTOP-B38P1G4/dcp3/Zynq_System_processing_system7_0_0_in_context.xdc}, line 32).
Applied set_property CLOCK_BUFFER_TYPE = NONE for DDR_ba[0]. (constraint file  {C:/Users/Public/Zynq System/Zynq System.runs/synth_1/.Xil/Vivado-2204-DESKTOP-B38P1G4/dcp3/Zynq_System_processing_system7_0_0_in_context.xdc}, line 33).
Applied set_property IO_BUFFER_TYPE = NONE for DDR_ba[1]. (constraint file  {C:/Users/Public/Zynq System/Zynq System.runs/synth_1/.Xil/Vivado-2204-DESKTOP-B38P1G4/dcp3/Zynq_System_processing_system7_0_0_in_context.xdc}, line 34).
Applied set_property CLOCK_BUFFER_TYPE = NONE for DDR_ba[1]. (constraint file  {C:/Users/Public/Zynq System/Zynq System.runs/synth_1/.Xil/Vivado-2204-DESKTOP-B38P1G4/dcp3/Zynq_System_processing_system7_0_0_in_context.xdc}, line 35).
Applied set_property IO_BUFFER_TYPE = NONE for DDR_ba[2]. (constraint file  {C:/Users/Public/Zynq System/Zynq System.runs/synth_1/.Xil/Vivado-2204-DESKTOP-B38P1G4/dcp3/Zynq_System_processing_system7_0_0_in_context.xdc}, line 36).
Applied set_property CLOCK_BUFFER_TYPE = NONE for DDR_ba[2]. (constraint file  {C:/Users/Public/Zynq System/Zynq System.runs/synth_1/.Xil/Vivado-2204-DESKTOP-B38P1G4/dcp3/Zynq_System_processing_system7_0_0_in_context.xdc}, line 37).
Applied set_property IO_BUFFER_TYPE = NONE for DDR_cas_n. (constraint file  {C:/Users/Public/Zynq System/Zynq System.runs/synth_1/.Xil/Vivado-2204-DESKTOP-B38P1G4/dcp3/Zynq_System_processing_system7_0_0_in_context.xdc}, line 38).
Applied set_property CLOCK_BUFFER_TYPE = NONE for DDR_cas_n. (constraint file  {C:/Users/Public/Zynq System/Zynq System.runs/synth_1/.Xil/Vivado-2204-DESKTOP-B38P1G4/dcp3/Zynq_System_processing_system7_0_0_in_context.xdc}, line 39).
Applied set_property IO_BUFFER_TYPE = NONE for DDR_cke. (constraint file  {C:/Users/Public/Zynq System/Zynq System.runs/synth_1/.Xil/Vivado-2204-DESKTOP-B38P1G4/dcp3/Zynq_System_processing_system7_0_0_in_context.xdc}, line 40).
Applied set_property CLOCK_BUFFER_TYPE = NONE for DDR_cke. (constraint file  {C:/Users/Public/Zynq System/Zynq System.runs/synth_1/.Xil/Vivado-2204-DESKTOP-B38P1G4/dcp3/Zynq_System_processing_system7_0_0_in_context.xdc}, line 41).
Applied set_property IO_BUFFER_TYPE = NONE for DDR_cs_n. (constraint file  {C:/Users/Public/Zynq System/Zynq System.runs/synth_1/.Xil/Vivado-2204-DESKTOP-B38P1G4/dcp3/Zynq_System_processing_system7_0_0_in_context.xdc}, line 42).
Applied set_property CLOCK_BUFFER_TYPE = NONE for DDR_cs_n. (constraint file  {C:/Users/Public/Zynq System/Zynq System.runs/synth_1/.Xil/Vivado-2204-DESKTOP-B38P1G4/dcp3/Zynq_System_processing_system7_0_0_in_context.xdc}, line 43).
Applied set_property IO_BUFFER_TYPE = NONE for DDR_ck_p. (constraint file  {C:/Users/Public/Zynq System/Zynq System.runs/synth_1/.Xil/Vivado-2204-DESKTOP-B38P1G4/dcp3/Zynq_System_processing_system7_0_0_in_context.xdc}, line 44).
Applied set_property CLOCK_BUFFER_TYPE = NONE for DDR_ck_p. (constraint file  {C:/Users/Public/Zynq System/Zynq System.runs/synth_1/.Xil/Vivado-2204-DESKTOP-B38P1G4/dcp3/Zynq_System_processing_system7_0_0_in_context.xdc}, line 45).
Applied set_property IO_BUFFER_TYPE = NONE for DDR_ck_n. (constraint file  {C:/Users/Public/Zynq System/Zynq System.runs/synth_1/.Xil/Vivado-2204-DESKTOP-B38P1G4/dcp3/Zynq_System_processing_system7_0_0_in_context.xdc}, line 46).
Applied set_property CLOCK_BUFFER_TYPE = NONE for DDR_ck_n. (constraint file  {C:/Users/Public/Zynq System/Zynq System.runs/synth_1/.Xil/Vivado-2204-DESKTOP-B38P1G4/dcp3/Zynq_System_processing_system7_0_0_in_context.xdc}, line 47).
Applied set_property IO_BUFFER_TYPE = NONE for DDR_dm[0]. (constraint file  {C:/Users/Public/Zynq System/Zynq System.runs/synth_1/.Xil/Vivado-2204-DESKTOP-B38P1G4/dcp3/Zynq_System_processing_system7_0_0_in_context.xdc}, line 48).
Applied set_property CLOCK_BUFFER_TYPE = NONE for DDR_dm[0]. (constraint file  {C:/Users/Public/Zynq System/Zynq System.runs/synth_1/.Xil/Vivado-2204-DESKTOP-B38P1G4/dcp3/Zynq_System_processing_system7_0_0_in_context.xdc}, line 49).
Applied set_property IO_BUFFER_TYPE = NONE for DDR_dm[1]. (constraint file  {C:/Users/Public/Zynq System/Zynq System.runs/synth_1/.Xil/Vivado-2204-DESKTOP-B38P1G4/dcp3/Zynq_System_processing_system7_0_0_in_context.xdc}, line 50).
Applied set_property CLOCK_BUFFER_TYPE = NONE for DDR_dm[1]. (constraint file  {C:/Users/Public/Zynq System/Zynq System.runs/synth_1/.Xil/Vivado-2204-DESKTOP-B38P1G4/dcp3/Zynq_System_processing_system7_0_0_in_context.xdc}, line 51).
Applied set_property IO_BUFFER_TYPE = NONE for DDR_dqs_p[0]. (constraint file  {C:/Users/Public/Zynq System/Zynq System.runs/synth_1/.Xil/Vivado-2204-DESKTOP-B38P1G4/dcp3/Zynq_System_processing_system7_0_0_in_context.xdc}, line 52).
Applied set_property CLOCK_BUFFER_TYPE = NONE for DDR_dqs_p[0]. (constraint file  {C:/Users/Public/Zynq System/Zynq System.runs/synth_1/.Xil/Vivado-2204-DESKTOP-B38P1G4/dcp3/Zynq_System_processing_system7_0_0_in_context.xdc}, line 53).
Applied set_property IO_BUFFER_TYPE = NONE for DDR_dqs_p[1]. (constraint file  {C:/Users/Public/Zynq System/Zynq System.runs/synth_1/.Xil/Vivado-2204-DESKTOP-B38P1G4/dcp3/Zynq_System_processing_system7_0_0_in_context.xdc}, line 54).
Applied set_property CLOCK_BUFFER_TYPE = NONE for DDR_dqs_p[1]. (constraint file  {C:/Users/Public/Zynq System/Zynq System.runs/synth_1/.Xil/Vivado-2204-DESKTOP-B38P1G4/dcp3/Zynq_System_processing_system7_0_0_in_context.xdc}, line 55).
Applied set_property IO_BUFFER_TYPE = NONE for DDR_dqs_n[0]. (constraint file  {C:/Users/Public/Zynq System/Zynq System.runs/synth_1/.Xil/Vivado-2204-DESKTOP-B38P1G4/dcp3/Zynq_System_processing_system7_0_0_in_context.xdc}, line 56).
Applied set_property CLOCK_BUFFER_TYPE = NONE for DDR_dqs_n[0]. (constraint file  {C:/Users/Public/Zynq System/Zynq System.runs/synth_1/.Xil/Vivado-2204-DESKTOP-B38P1G4/dcp3/Zynq_System_processing_system7_0_0_in_context.xdc}, line 57).
Applied set_property IO_BUFFER_TYPE = NONE for DDR_dqs_n[1]. (constraint file  {C:/Users/Public/Zynq System/Zynq System.runs/synth_1/.Xil/Vivado-2204-DESKTOP-B38P1G4/dcp3/Zynq_System_processing_system7_0_0_in_context.xdc}, line 58).
Applied set_property CLOCK_BUFFER_TYPE = NONE for DDR_dqs_n[1]. (constraint file  {C:/Users/Public/Zynq System/Zynq System.runs/synth_1/.Xil/Vivado-2204-DESKTOP-B38P1G4/dcp3/Zynq_System_processing_system7_0_0_in_context.xdc}, line 59).
Applied set_property IO_BUFFER_TYPE = NONE for DDR_dq[0]. (constraint file  {C:/Users/Public/Zynq System/Zynq System.runs/synth_1/.Xil/Vivado-2204-DESKTOP-B38P1G4/dcp3/Zynq_System_processing_system7_0_0_in_context.xdc}, line 60).
Applied set_property CLOCK_BUFFER_TYPE = NONE for DDR_dq[0]. (constraint file  {C:/Users/Public/Zynq System/Zynq System.runs/synth_1/.Xil/Vivado-2204-DESKTOP-B38P1G4/dcp3/Zynq_System_processing_system7_0_0_in_context.xdc}, line 61).
Applied set_property IO_BUFFER_TYPE = NONE for DDR_dq[10]. (constraint file  {C:/Users/Public/Zynq System/Zynq System.runs/synth_1/.Xil/Vivado-2204-DESKTOP-B38P1G4/dcp3/Zynq_System_processing_system7_0_0_in_context.xdc}, line 62).
Applied set_property CLOCK_BUFFER_TYPE = NONE for DDR_dq[10]. (constraint file  {C:/Users/Public/Zynq System/Zynq System.runs/synth_1/.Xil/Vivado-2204-DESKTOP-B38P1G4/dcp3/Zynq_System_processing_system7_0_0_in_context.xdc}, line 63).
Applied set_property IO_BUFFER_TYPE = NONE for DDR_dq[11]. (constraint file  {C:/Users/Public/Zynq System/Zynq System.runs/synth_1/.Xil/Vivado-2204-DESKTOP-B38P1G4/dcp3/Zynq_System_processing_system7_0_0_in_context.xdc}, line 64).
Applied set_property CLOCK_BUFFER_TYPE = NONE for DDR_dq[11]. (constraint file  {C:/Users/Public/Zynq System/Zynq System.runs/synth_1/.Xil/Vivado-2204-DESKTOP-B38P1G4/dcp3/Zynq_System_processing_system7_0_0_in_context.xdc}, line 65).
Applied set_property IO_BUFFER_TYPE = NONE for DDR_dq[12]. (constraint file  {C:/Users/Public/Zynq System/Zynq System.runs/synth_1/.Xil/Vivado-2204-DESKTOP-B38P1G4/dcp3/Zynq_System_processing_system7_0_0_in_context.xdc}, line 66).
Applied set_property CLOCK_BUFFER_TYPE = NONE for DDR_dq[12]. (constraint file  {C:/Users/Public/Zynq System/Zynq System.runs/synth_1/.Xil/Vivado-2204-DESKTOP-B38P1G4/dcp3/Zynq_System_processing_system7_0_0_in_context.xdc}, line 67).
Applied set_property IO_BUFFER_TYPE = NONE for DDR_dq[13]. (constraint file  {C:/Users/Public/Zynq System/Zynq System.runs/synth_1/.Xil/Vivado-2204-DESKTOP-B38P1G4/dcp3/Zynq_System_processing_system7_0_0_in_context.xdc}, line 68).
Applied set_property CLOCK_BUFFER_TYPE = NONE for DDR_dq[13]. (constraint file  {C:/Users/Public/Zynq System/Zynq System.runs/synth_1/.Xil/Vivado-2204-DESKTOP-B38P1G4/dcp3/Zynq_System_processing_system7_0_0_in_context.xdc}, line 69).
Applied set_property IO_BUFFER_TYPE = NONE for DDR_dq[14]. (constraint file  {C:/Users/Public/Zynq System/Zynq System.runs/synth_1/.Xil/Vivado-2204-DESKTOP-B38P1G4/dcp3/Zynq_System_processing_system7_0_0_in_context.xdc}, line 70).
Applied set_property CLOCK_BUFFER_TYPE = NONE for DDR_dq[14]. (constraint file  {C:/Users/Public/Zynq System/Zynq System.runs/synth_1/.Xil/Vivado-2204-DESKTOP-B38P1G4/dcp3/Zynq_System_processing_system7_0_0_in_context.xdc}, line 71).
Applied set_property IO_BUFFER_TYPE = NONE for DDR_dq[15]. (constraint file  {C:/Users/Public/Zynq System/Zynq System.runs/synth_1/.Xil/Vivado-2204-DESKTOP-B38P1G4/dcp3/Zynq_System_processing_system7_0_0_in_context.xdc}, line 72).
Applied set_property CLOCK_BUFFER_TYPE = NONE for DDR_dq[15]. (constraint file  {C:/Users/Public/Zynq System/Zynq System.runs/synth_1/.Xil/Vivado-2204-DESKTOP-B38P1G4/dcp3/Zynq_System_processing_system7_0_0_in_context.xdc}, line 73).
Applied set_property IO_BUFFER_TYPE = NONE for DDR_dq[1]. (constraint file  {C:/Users/Public/Zynq System/Zynq System.runs/synth_1/.Xil/Vivado-2204-DESKTOP-B38P1G4/dcp3/Zynq_System_processing_system7_0_0_in_context.xdc}, line 74).
Applied set_property CLOCK_BUFFER_TYPE = NONE for DDR_dq[1]. (constraint file  {C:/Users/Public/Zynq System/Zynq System.runs/synth_1/.Xil/Vivado-2204-DESKTOP-B38P1G4/dcp3/Zynq_System_processing_system7_0_0_in_context.xdc}, line 75).
Applied set_property IO_BUFFER_TYPE = NONE for DDR_dq[2]. (constraint file  {C:/Users/Public/Zynq System/Zynq System.runs/synth_1/.Xil/Vivado-2204-DESKTOP-B38P1G4/dcp3/Zynq_System_processing_system7_0_0_in_context.xdc}, line 76).
Applied set_property CLOCK_BUFFER_TYPE = NONE for DDR_dq[2]. (constraint file  {C:/Users/Public/Zynq System/Zynq System.runs/synth_1/.Xil/Vivado-2204-DESKTOP-B38P1G4/dcp3/Zynq_System_processing_system7_0_0_in_context.xdc}, line 77).
Applied set_property IO_BUFFER_TYPE = NONE for DDR_dq[3]. (constraint file  {C:/Users/Public/Zynq System/Zynq System.runs/synth_1/.Xil/Vivado-2204-DESKTOP-B38P1G4/dcp3/Zynq_System_processing_system7_0_0_in_context.xdc}, line 78).
Applied set_property CLOCK_BUFFER_TYPE = NONE for DDR_dq[3]. (constraint file  {C:/Users/Public/Zynq System/Zynq System.runs/synth_1/.Xil/Vivado-2204-DESKTOP-B38P1G4/dcp3/Zynq_System_processing_system7_0_0_in_context.xdc}, line 79).
Applied set_property IO_BUFFER_TYPE = NONE for DDR_dq[4]. (constraint file  {C:/Users/Public/Zynq System/Zynq System.runs/synth_1/.Xil/Vivado-2204-DESKTOP-B38P1G4/dcp3/Zynq_System_processing_system7_0_0_in_context.xdc}, line 80).
Applied set_property CLOCK_BUFFER_TYPE = NONE for DDR_dq[4]. (constraint file  {C:/Users/Public/Zynq System/Zynq System.runs/synth_1/.Xil/Vivado-2204-DESKTOP-B38P1G4/dcp3/Zynq_System_processing_system7_0_0_in_context.xdc}, line 81).
Applied set_property IO_BUFFER_TYPE = NONE for DDR_dq[5]. (constraint file  {C:/Users/Public/Zynq System/Zynq System.runs/synth_1/.Xil/Vivado-2204-DESKTOP-B38P1G4/dcp3/Zynq_System_processing_system7_0_0_in_context.xdc}, line 82).
Applied set_property CLOCK_BUFFER_TYPE = NONE for DDR_dq[5]. (constraint file  {C:/Users/Public/Zynq System/Zynq System.runs/synth_1/.Xil/Vivado-2204-DESKTOP-B38P1G4/dcp3/Zynq_System_processing_system7_0_0_in_context.xdc}, line 83).
Applied set_property IO_BUFFER_TYPE = NONE for DDR_dq[6]. (constraint file  {C:/Users/Public/Zynq System/Zynq System.runs/synth_1/.Xil/Vivado-2204-DESKTOP-B38P1G4/dcp3/Zynq_System_processing_system7_0_0_in_context.xdc}, line 84).
Applied set_property CLOCK_BUFFER_TYPE = NONE for DDR_dq[6]. (constraint file  {C:/Users/Public/Zynq System/Zynq System.runs/synth_1/.Xil/Vivado-2204-DESKTOP-B38P1G4/dcp3/Zynq_System_processing_system7_0_0_in_context.xdc}, line 85).
Applied set_property IO_BUFFER_TYPE = NONE for DDR_dq[7]. (constraint file  {C:/Users/Public/Zynq System/Zynq System.runs/synth_1/.Xil/Vivado-2204-DESKTOP-B38P1G4/dcp3/Zynq_System_processing_system7_0_0_in_context.xdc}, line 86).
Applied set_property CLOCK_BUFFER_TYPE = NONE for DDR_dq[7]. (constraint file  {C:/Users/Public/Zynq System/Zynq System.runs/synth_1/.Xil/Vivado-2204-DESKTOP-B38P1G4/dcp3/Zynq_System_processing_system7_0_0_in_context.xdc}, line 87).
Applied set_property IO_BUFFER_TYPE = NONE for DDR_dq[8]. (constraint file  {C:/Users/Public/Zynq System/Zynq System.runs/synth_1/.Xil/Vivado-2204-DESKTOP-B38P1G4/dcp3/Zynq_System_processing_system7_0_0_in_context.xdc}, line 88).
Applied set_property CLOCK_BUFFER_TYPE = NONE for DDR_dq[8]. (constraint file  {C:/Users/Public/Zynq System/Zynq System.runs/synth_1/.Xil/Vivado-2204-DESKTOP-B38P1G4/dcp3/Zynq_System_processing_system7_0_0_in_context.xdc}, line 89).
Applied set_property IO_BUFFER_TYPE = NONE for DDR_dq[9]. (constraint file  {C:/Users/Public/Zynq System/Zynq System.runs/synth_1/.Xil/Vivado-2204-DESKTOP-B38P1G4/dcp3/Zynq_System_processing_system7_0_0_in_context.xdc}, line 90).
Applied set_property CLOCK_BUFFER_TYPE = NONE for DDR_dq[9]. (constraint file  {C:/Users/Public/Zynq System/Zynq System.runs/synth_1/.Xil/Vivado-2204-DESKTOP-B38P1G4/dcp3/Zynq_System_processing_system7_0_0_in_context.xdc}, line 91).
Applied set_property IO_BUFFER_TYPE = NONE for DDR_reset_n. (constraint file  {C:/Users/Public/Zynq System/Zynq System.runs/synth_1/.Xil/Vivado-2204-DESKTOP-B38P1G4/dcp3/Zynq_System_processing_system7_0_0_in_context.xdc}, line 92).
Applied set_property CLOCK_BUFFER_TYPE = NONE for DDR_reset_n. (constraint file  {C:/Users/Public/Zynq System/Zynq System.runs/synth_1/.Xil/Vivado-2204-DESKTOP-B38P1G4/dcp3/Zynq_System_processing_system7_0_0_in_context.xdc}, line 93).
Applied set_property IO_BUFFER_TYPE = NONE for DDR_odt. (constraint file  {C:/Users/Public/Zynq System/Zynq System.runs/synth_1/.Xil/Vivado-2204-DESKTOP-B38P1G4/dcp3/Zynq_System_processing_system7_0_0_in_context.xdc}, line 94).
Applied set_property CLOCK_BUFFER_TYPE = NONE for DDR_odt. (constraint file  {C:/Users/Public/Zynq System/Zynq System.runs/synth_1/.Xil/Vivado-2204-DESKTOP-B38P1G4/dcp3/Zynq_System_processing_system7_0_0_in_context.xdc}, line 95).
Applied set_property IO_BUFFER_TYPE = NONE for DDR_ras_n. (constraint file  {C:/Users/Public/Zynq System/Zynq System.runs/synth_1/.Xil/Vivado-2204-DESKTOP-B38P1G4/dcp3/Zynq_System_processing_system7_0_0_in_context.xdc}, line 96).
Applied set_property CLOCK_BUFFER_TYPE = NONE for DDR_ras_n. (constraint file  {C:/Users/Public/Zynq System/Zynq System.runs/synth_1/.Xil/Vivado-2204-DESKTOP-B38P1G4/dcp3/Zynq_System_processing_system7_0_0_in_context.xdc}, line 97).
Applied set_property IO_BUFFER_TYPE = NONE for FIXED_IO_ddr_vrn. (constraint file  {C:/Users/Public/Zynq System/Zynq System.runs/synth_1/.Xil/Vivado-2204-DESKTOP-B38P1G4/dcp3/Zynq_System_processing_system7_0_0_in_context.xdc}, line 98).
Applied set_property CLOCK_BUFFER_TYPE = NONE for FIXED_IO_ddr_vrn. (constraint file  {C:/Users/Public/Zynq System/Zynq System.runs/synth_1/.Xil/Vivado-2204-DESKTOP-B38P1G4/dcp3/Zynq_System_processing_system7_0_0_in_context.xdc}, line 99).
Applied set_property IO_BUFFER_TYPE = NONE for FIXED_IO_ddr_vrp. (constraint file  {C:/Users/Public/Zynq System/Zynq System.runs/synth_1/.Xil/Vivado-2204-DESKTOP-B38P1G4/dcp3/Zynq_System_processing_system7_0_0_in_context.xdc}, line 100).
Applied set_property CLOCK_BUFFER_TYPE = NONE for FIXED_IO_ddr_vrp. (constraint file  {C:/Users/Public/Zynq System/Zynq System.runs/synth_1/.Xil/Vivado-2204-DESKTOP-B38P1G4/dcp3/Zynq_System_processing_system7_0_0_in_context.xdc}, line 101).
Applied set_property IO_BUFFER_TYPE = NONE for DDR_we_n. (constraint file  {C:/Users/Public/Zynq System/Zynq System.runs/synth_1/.Xil/Vivado-2204-DESKTOP-B38P1G4/dcp3/Zynq_System_processing_system7_0_0_in_context.xdc}, line 102).
Applied set_property CLOCK_BUFFER_TYPE = NONE for DDR_we_n. (constraint file  {C:/Users/Public/Zynq System/Zynq System.runs/synth_1/.Xil/Vivado-2204-DESKTOP-B38P1G4/dcp3/Zynq_System_processing_system7_0_0_in_context.xdc}, line 103).
Applied set_property IO_BUFFER_TYPE = NONE for FIXED_IO_mio[0]. (constraint file  {C:/Users/Public/Zynq System/Zynq System.runs/synth_1/.Xil/Vivado-2204-DESKTOP-B38P1G4/dcp3/Zynq_System_processing_system7_0_0_in_context.xdc}, line 104).
Applied set_property CLOCK_BUFFER_TYPE = NONE for FIXED_IO_mio[0]. (constraint file  {C:/Users/Public/Zynq System/Zynq System.runs/synth_1/.Xil/Vivado-2204-DESKTOP-B38P1G4/dcp3/Zynq_System_processing_system7_0_0_in_context.xdc}, line 105).
Applied set_property IO_BUFFER_TYPE = NONE for FIXED_IO_mio[10]. (constraint file  {C:/Users/Public/Zynq System/Zynq System.runs/synth_1/.Xil/Vivado-2204-DESKTOP-B38P1G4/dcp3/Zynq_System_processing_system7_0_0_in_context.xdc}, line 106).
Applied set_property CLOCK_BUFFER_TYPE = NONE for FIXED_IO_mio[10]. (constraint file  {C:/Users/Public/Zynq System/Zynq System.runs/synth_1/.Xil/Vivado-2204-DESKTOP-B38P1G4/dcp3/Zynq_System_processing_system7_0_0_in_context.xdc}, line 107).
Applied set_property IO_BUFFER_TYPE = NONE for FIXED_IO_mio[11]. (constraint file  {C:/Users/Public/Zynq System/Zynq System.runs/synth_1/.Xil/Vivado-2204-DESKTOP-B38P1G4/dcp3/Zynq_System_processing_system7_0_0_in_context.xdc}, line 108).
Applied set_property CLOCK_BUFFER_TYPE = NONE for FIXED_IO_mio[11]. (constraint file  {C:/Users/Public/Zynq System/Zynq System.runs/synth_1/.Xil/Vivado-2204-DESKTOP-B38P1G4/dcp3/Zynq_System_processing_system7_0_0_in_context.xdc}, line 109).
Applied set_property IO_BUFFER_TYPE = NONE for FIXED_IO_mio[12]. (constraint file  {C:/Users/Public/Zynq System/Zynq System.runs/synth_1/.Xil/Vivado-2204-DESKTOP-B38P1G4/dcp3/Zynq_System_processing_system7_0_0_in_context.xdc}, line 110).
Applied set_property CLOCK_BUFFER_TYPE = NONE for FIXED_IO_mio[12]. (constraint file  {C:/Users/Public/Zynq System/Zynq System.runs/synth_1/.Xil/Vivado-2204-DESKTOP-B38P1G4/dcp3/Zynq_System_processing_system7_0_0_in_context.xdc}, line 111).
Applied set_property IO_BUFFER_TYPE = NONE for FIXED_IO_mio[13]. (constraint file  {C:/Users/Public/Zynq System/Zynq System.runs/synth_1/.Xil/Vivado-2204-DESKTOP-B38P1G4/dcp3/Zynq_System_processing_system7_0_0_in_context.xdc}, line 112).
Applied set_property CLOCK_BUFFER_TYPE = NONE for FIXED_IO_mio[13]. (constraint file  {C:/Users/Public/Zynq System/Zynq System.runs/synth_1/.Xil/Vivado-2204-DESKTOP-B38P1G4/dcp3/Zynq_System_processing_system7_0_0_in_context.xdc}, line 113).
Applied set_property IO_BUFFER_TYPE = NONE for FIXED_IO_mio[14]. (constraint file  {C:/Users/Public/Zynq System/Zynq System.runs/synth_1/.Xil/Vivado-2204-DESKTOP-B38P1G4/dcp3/Zynq_System_processing_system7_0_0_in_context.xdc}, line 114).
Applied set_property CLOCK_BUFFER_TYPE = NONE for FIXED_IO_mio[14]. (constraint file  {C:/Users/Public/Zynq System/Zynq System.runs/synth_1/.Xil/Vivado-2204-DESKTOP-B38P1G4/dcp3/Zynq_System_processing_system7_0_0_in_context.xdc}, line 115).
Applied set_property IO_BUFFER_TYPE = NONE for FIXED_IO_mio[15]. (constraint file  {C:/Users/Public/Zynq System/Zynq System.runs/synth_1/.Xil/Vivado-2204-DESKTOP-B38P1G4/dcp3/Zynq_System_processing_system7_0_0_in_context.xdc}, line 116).
Applied set_property CLOCK_BUFFER_TYPE = NONE for FIXED_IO_mio[15]. (constraint file  {C:/Users/Public/Zynq System/Zynq System.runs/synth_1/.Xil/Vivado-2204-DESKTOP-B38P1G4/dcp3/Zynq_System_processing_system7_0_0_in_context.xdc}, line 117).
Applied set_property IO_BUFFER_TYPE = NONE for FIXED_IO_mio[16]. (constraint file  {C:/Users/Public/Zynq System/Zynq System.runs/synth_1/.Xil/Vivado-2204-DESKTOP-B38P1G4/dcp3/Zynq_System_processing_system7_0_0_in_context.xdc}, line 118).
Applied set_property CLOCK_BUFFER_TYPE = NONE for FIXED_IO_mio[16]. (constraint file  {C:/Users/Public/Zynq System/Zynq System.runs/synth_1/.Xil/Vivado-2204-DESKTOP-B38P1G4/dcp3/Zynq_System_processing_system7_0_0_in_context.xdc}, line 119).
Applied set_property IO_BUFFER_TYPE = NONE for FIXED_IO_mio[17]. (constraint file  {C:/Users/Public/Zynq System/Zynq System.runs/synth_1/.Xil/Vivado-2204-DESKTOP-B38P1G4/dcp3/Zynq_System_processing_system7_0_0_in_context.xdc}, line 120).
Applied set_property CLOCK_BUFFER_TYPE = NONE for FIXED_IO_mio[17]. (constraint file  {C:/Users/Public/Zynq System/Zynq System.runs/synth_1/.Xil/Vivado-2204-DESKTOP-B38P1G4/dcp3/Zynq_System_processing_system7_0_0_in_context.xdc}, line 121).
Applied set_property IO_BUFFER_TYPE = NONE for FIXED_IO_mio[18]. (constraint file  {C:/Users/Public/Zynq System/Zynq System.runs/synth_1/.Xil/Vivado-2204-DESKTOP-B38P1G4/dcp3/Zynq_System_processing_system7_0_0_in_context.xdc}, line 122).
Applied set_property CLOCK_BUFFER_TYPE = NONE for FIXED_IO_mio[18]. (constraint file  {C:/Users/Public/Zynq System/Zynq System.runs/synth_1/.Xil/Vivado-2204-DESKTOP-B38P1G4/dcp3/Zynq_System_processing_system7_0_0_in_context.xdc}, line 123).
Applied set_property IO_BUFFER_TYPE = NONE for FIXED_IO_mio[19]. (constraint file  {C:/Users/Public/Zynq System/Zynq System.runs/synth_1/.Xil/Vivado-2204-DESKTOP-B38P1G4/dcp3/Zynq_System_processing_system7_0_0_in_context.xdc}, line 124).
Applied set_property CLOCK_BUFFER_TYPE = NONE for FIXED_IO_mio[19]. (constraint file  {C:/Users/Public/Zynq System/Zynq System.runs/synth_1/.Xil/Vivado-2204-DESKTOP-B38P1G4/dcp3/Zynq_System_processing_system7_0_0_in_context.xdc}, line 125).
Applied set_property IO_BUFFER_TYPE = NONE for FIXED_IO_mio[1]. (constraint file  {C:/Users/Public/Zynq System/Zynq System.runs/synth_1/.Xil/Vivado-2204-DESKTOP-B38P1G4/dcp3/Zynq_System_processing_system7_0_0_in_context.xdc}, line 126).
Applied set_property CLOCK_BUFFER_TYPE = NONE for FIXED_IO_mio[1]. (constraint file  {C:/Users/Public/Zynq System/Zynq System.runs/synth_1/.Xil/Vivado-2204-DESKTOP-B38P1G4/dcp3/Zynq_System_processing_system7_0_0_in_context.xdc}, line 127).
Applied set_property IO_BUFFER_TYPE = NONE for FIXED_IO_mio[20]. (constraint file  {C:/Users/Public/Zynq System/Zynq System.runs/synth_1/.Xil/Vivado-2204-DESKTOP-B38P1G4/dcp3/Zynq_System_processing_system7_0_0_in_context.xdc}, line 128).
Applied set_property CLOCK_BUFFER_TYPE = NONE for FIXED_IO_mio[20]. (constraint file  {C:/Users/Public/Zynq System/Zynq System.runs/synth_1/.Xil/Vivado-2204-DESKTOP-B38P1G4/dcp3/Zynq_System_processing_system7_0_0_in_context.xdc}, line 129).
Applied set_property IO_BUFFER_TYPE = NONE for FIXED_IO_mio[21]. (constraint file  {C:/Users/Public/Zynq System/Zynq System.runs/synth_1/.Xil/Vivado-2204-DESKTOP-B38P1G4/dcp3/Zynq_System_processing_system7_0_0_in_context.xdc}, line 130).
Applied set_property CLOCK_BUFFER_TYPE = NONE for FIXED_IO_mio[21]. (constraint file  {C:/Users/Public/Zynq System/Zynq System.runs/synth_1/.Xil/Vivado-2204-DESKTOP-B38P1G4/dcp3/Zynq_System_processing_system7_0_0_in_context.xdc}, line 131).
Applied set_property IO_BUFFER_TYPE = NONE for FIXED_IO_mio[22]. (constraint file  {C:/Users/Public/Zynq System/Zynq System.runs/synth_1/.Xil/Vivado-2204-DESKTOP-B38P1G4/dcp3/Zynq_System_processing_system7_0_0_in_context.xdc}, line 132).
Applied set_property CLOCK_BUFFER_TYPE = NONE for FIXED_IO_mio[22]. (constraint file  {C:/Users/Public/Zynq System/Zynq System.runs/synth_1/.Xil/Vivado-2204-DESKTOP-B38P1G4/dcp3/Zynq_System_processing_system7_0_0_in_context.xdc}, line 133).
Applied set_property IO_BUFFER_TYPE = NONE for FIXED_IO_mio[23]. (constraint file  {C:/Users/Public/Zynq System/Zynq System.runs/synth_1/.Xil/Vivado-2204-DESKTOP-B38P1G4/dcp3/Zynq_System_processing_system7_0_0_in_context.xdc}, line 134).
Applied set_property CLOCK_BUFFER_TYPE = NONE for FIXED_IO_mio[23]. (constraint file  {C:/Users/Public/Zynq System/Zynq System.runs/synth_1/.Xil/Vivado-2204-DESKTOP-B38P1G4/dcp3/Zynq_System_processing_system7_0_0_in_context.xdc}, line 135).
Applied set_property IO_BUFFER_TYPE = NONE for FIXED_IO_mio[24]. (constraint file  {C:/Users/Public/Zynq System/Zynq System.runs/synth_1/.Xil/Vivado-2204-DESKTOP-B38P1G4/dcp3/Zynq_System_processing_system7_0_0_in_context.xdc}, line 136).
Applied set_property CLOCK_BUFFER_TYPE = NONE for FIXED_IO_mio[24]. (constraint file  {C:/Users/Public/Zynq System/Zynq System.runs/synth_1/.Xil/Vivado-2204-DESKTOP-B38P1G4/dcp3/Zynq_System_processing_system7_0_0_in_context.xdc}, line 137).
Applied set_property IO_BUFFER_TYPE = NONE for FIXED_IO_mio[25]. (constraint file  {C:/Users/Public/Zynq System/Zynq System.runs/synth_1/.Xil/Vivado-2204-DESKTOP-B38P1G4/dcp3/Zynq_System_processing_system7_0_0_in_context.xdc}, line 138).
Applied set_property CLOCK_BUFFER_TYPE = NONE for FIXED_IO_mio[25]. (constraint file  {C:/Users/Public/Zynq System/Zynq System.runs/synth_1/.Xil/Vivado-2204-DESKTOP-B38P1G4/dcp3/Zynq_System_processing_system7_0_0_in_context.xdc}, line 139).
Applied set_property IO_BUFFER_TYPE = NONE for FIXED_IO_mio[26]. (constraint file  {C:/Users/Public/Zynq System/Zynq System.runs/synth_1/.Xil/Vivado-2204-DESKTOP-B38P1G4/dcp3/Zynq_System_processing_system7_0_0_in_context.xdc}, line 140).
Applied set_property CLOCK_BUFFER_TYPE = NONE for FIXED_IO_mio[26]. (constraint file  {C:/Users/Public/Zynq System/Zynq System.runs/synth_1/.Xil/Vivado-2204-DESKTOP-B38P1G4/dcp3/Zynq_System_processing_system7_0_0_in_context.xdc}, line 141).
Applied set_property IO_BUFFER_TYPE = NONE for FIXED_IO_mio[27]. (constraint file  {C:/Users/Public/Zynq System/Zynq System.runs/synth_1/.Xil/Vivado-2204-DESKTOP-B38P1G4/dcp3/Zynq_System_processing_system7_0_0_in_context.xdc}, line 142).
Applied set_property CLOCK_BUFFER_TYPE = NONE for FIXED_IO_mio[27]. (constraint file  {C:/Users/Public/Zynq System/Zynq System.runs/synth_1/.Xil/Vivado-2204-DESKTOP-B38P1G4/dcp3/Zynq_System_processing_system7_0_0_in_context.xdc}, line 143).
Applied set_property IO_BUFFER_TYPE = NONE for FIXED_IO_mio[28]. (constraint file  {C:/Users/Public/Zynq System/Zynq System.runs/synth_1/.Xil/Vivado-2204-DESKTOP-B38P1G4/dcp3/Zynq_System_processing_system7_0_0_in_context.xdc}, line 144).
Applied set_property CLOCK_BUFFER_TYPE = NONE for FIXED_IO_mio[28]. (constraint file  {C:/Users/Public/Zynq System/Zynq System.runs/synth_1/.Xil/Vivado-2204-DESKTOP-B38P1G4/dcp3/Zynq_System_processing_system7_0_0_in_context.xdc}, line 145).
Applied set_property IO_BUFFER_TYPE = NONE for FIXED_IO_mio[29]. (constraint file  {C:/Users/Public/Zynq System/Zynq System.runs/synth_1/.Xil/Vivado-2204-DESKTOP-B38P1G4/dcp3/Zynq_System_processing_system7_0_0_in_context.xdc}, line 146).
Applied set_property CLOCK_BUFFER_TYPE = NONE for FIXED_IO_mio[29]. (constraint file  {C:/Users/Public/Zynq System/Zynq System.runs/synth_1/.Xil/Vivado-2204-DESKTOP-B38P1G4/dcp3/Zynq_System_processing_system7_0_0_in_context.xdc}, line 147).
Applied set_property IO_BUFFER_TYPE = NONE for FIXED_IO_mio[2]. (constraint file  {C:/Users/Public/Zynq System/Zynq System.runs/synth_1/.Xil/Vivado-2204-DESKTOP-B38P1G4/dcp3/Zynq_System_processing_system7_0_0_in_context.xdc}, line 148).
Applied set_property CLOCK_BUFFER_TYPE = NONE for FIXED_IO_mio[2]. (constraint file  {C:/Users/Public/Zynq System/Zynq System.runs/synth_1/.Xil/Vivado-2204-DESKTOP-B38P1G4/dcp3/Zynq_System_processing_system7_0_0_in_context.xdc}, line 149).
Applied set_property IO_BUFFER_TYPE = NONE for FIXED_IO_mio[30]. (constraint file  {C:/Users/Public/Zynq System/Zynq System.runs/synth_1/.Xil/Vivado-2204-DESKTOP-B38P1G4/dcp3/Zynq_System_processing_system7_0_0_in_context.xdc}, line 150).
Applied set_property CLOCK_BUFFER_TYPE = NONE for FIXED_IO_mio[30]. (constraint file  {C:/Users/Public/Zynq System/Zynq System.runs/synth_1/.Xil/Vivado-2204-DESKTOP-B38P1G4/dcp3/Zynq_System_processing_system7_0_0_in_context.xdc}, line 151).
Applied set_property IO_BUFFER_TYPE = NONE for FIXED_IO_mio[31]. (constraint file  {C:/Users/Public/Zynq System/Zynq System.runs/synth_1/.Xil/Vivado-2204-DESKTOP-B38P1G4/dcp3/Zynq_System_processing_system7_0_0_in_context.xdc}, line 152).
Applied set_property CLOCK_BUFFER_TYPE = NONE for FIXED_IO_mio[31]. (constraint file  {C:/Users/Public/Zynq System/Zynq System.runs/synth_1/.Xil/Vivado-2204-DESKTOP-B38P1G4/dcp3/Zynq_System_processing_system7_0_0_in_context.xdc}, line 153).
Applied set_property IO_BUFFER_TYPE = NONE for FIXED_IO_mio[3]. (constraint file  {C:/Users/Public/Zynq System/Zynq System.runs/synth_1/.Xil/Vivado-2204-DESKTOP-B38P1G4/dcp3/Zynq_System_processing_system7_0_0_in_context.xdc}, line 154).
Applied set_property CLOCK_BUFFER_TYPE = NONE for FIXED_IO_mio[3]. (constraint file  {C:/Users/Public/Zynq System/Zynq System.runs/synth_1/.Xil/Vivado-2204-DESKTOP-B38P1G4/dcp3/Zynq_System_processing_system7_0_0_in_context.xdc}, line 155).
Applied set_property IO_BUFFER_TYPE = NONE for FIXED_IO_mio[4]. (constraint file  {C:/Users/Public/Zynq System/Zynq System.runs/synth_1/.Xil/Vivado-2204-DESKTOP-B38P1G4/dcp3/Zynq_System_processing_system7_0_0_in_context.xdc}, line 156).
Applied set_property CLOCK_BUFFER_TYPE = NONE for FIXED_IO_mio[4]. (constraint file  {C:/Users/Public/Zynq System/Zynq System.runs/synth_1/.Xil/Vivado-2204-DESKTOP-B38P1G4/dcp3/Zynq_System_processing_system7_0_0_in_context.xdc}, line 157).
Applied set_property IO_BUFFER_TYPE = NONE for FIXED_IO_mio[5]. (constraint file  {C:/Users/Public/Zynq System/Zynq System.runs/synth_1/.Xil/Vivado-2204-DESKTOP-B38P1G4/dcp3/Zynq_System_processing_system7_0_0_in_context.xdc}, line 158).
Applied set_property CLOCK_BUFFER_TYPE = NONE for FIXED_IO_mio[5]. (constraint file  {C:/Users/Public/Zynq System/Zynq System.runs/synth_1/.Xil/Vivado-2204-DESKTOP-B38P1G4/dcp3/Zynq_System_processing_system7_0_0_in_context.xdc}, line 159).
Applied set_property IO_BUFFER_TYPE = NONE for FIXED_IO_mio[6]. (constraint file  {C:/Users/Public/Zynq System/Zynq System.runs/synth_1/.Xil/Vivado-2204-DESKTOP-B38P1G4/dcp3/Zynq_System_processing_system7_0_0_in_context.xdc}, line 160).
Applied set_property CLOCK_BUFFER_TYPE = NONE for FIXED_IO_mio[6]. (constraint file  {C:/Users/Public/Zynq System/Zynq System.runs/synth_1/.Xil/Vivado-2204-DESKTOP-B38P1G4/dcp3/Zynq_System_processing_system7_0_0_in_context.xdc}, line 161).
Applied set_property IO_BUFFER_TYPE = NONE for FIXED_IO_mio[7]. (constraint file  {C:/Users/Public/Zynq System/Zynq System.runs/synth_1/.Xil/Vivado-2204-DESKTOP-B38P1G4/dcp3/Zynq_System_processing_system7_0_0_in_context.xdc}, line 162).
Applied set_property CLOCK_BUFFER_TYPE = NONE for FIXED_IO_mio[7]. (constraint file  {C:/Users/Public/Zynq System/Zynq System.runs/synth_1/.Xil/Vivado-2204-DESKTOP-B38P1G4/dcp3/Zynq_System_processing_system7_0_0_in_context.xdc}, line 163).
Applied set_property IO_BUFFER_TYPE = NONE for FIXED_IO_mio[8]. (constraint file  {C:/Users/Public/Zynq System/Zynq System.runs/synth_1/.Xil/Vivado-2204-DESKTOP-B38P1G4/dcp3/Zynq_System_processing_system7_0_0_in_context.xdc}, line 164).
Applied set_property CLOCK_BUFFER_TYPE = NONE for FIXED_IO_mio[8]. (constraint file  {C:/Users/Public/Zynq System/Zynq System.runs/synth_1/.Xil/Vivado-2204-DESKTOP-B38P1G4/dcp3/Zynq_System_processing_system7_0_0_in_context.xdc}, line 165).
Applied set_property IO_BUFFER_TYPE = NONE for FIXED_IO_mio[9]. (constraint file  {C:/Users/Public/Zynq System/Zynq System.runs/synth_1/.Xil/Vivado-2204-DESKTOP-B38P1G4/dcp3/Zynq_System_processing_system7_0_0_in_context.xdc}, line 166).
Applied set_property CLOCK_BUFFER_TYPE = NONE for FIXED_IO_mio[9]. (constraint file  {C:/Users/Public/Zynq System/Zynq System.runs/synth_1/.Xil/Vivado-2204-DESKTOP-B38P1G4/dcp3/Zynq_System_processing_system7_0_0_in_context.xdc}, line 167).
Applied set_property IO_BUFFER_TYPE = NONE for FIXED_IO_ps_clk. (constraint file  {C:/Users/Public/Zynq System/Zynq System.runs/synth_1/.Xil/Vivado-2204-DESKTOP-B38P1G4/dcp3/Zynq_System_processing_system7_0_0_in_context.xdc}, line 168).
Applied set_property CLOCK_BUFFER_TYPE = NONE for FIXED_IO_ps_clk. (constraint file  {C:/Users/Public/Zynq System/Zynq System.runs/synth_1/.Xil/Vivado-2204-DESKTOP-B38P1G4/dcp3/Zynq_System_processing_system7_0_0_in_context.xdc}, line 169).
Applied set_property IO_BUFFER_TYPE = NONE for FIXED_IO_ps_porb. (constraint file  {C:/Users/Public/Zynq System/Zynq System.runs/synth_1/.Xil/Vivado-2204-DESKTOP-B38P1G4/dcp3/Zynq_System_processing_system7_0_0_in_context.xdc}, line 170).
Applied set_property CLOCK_BUFFER_TYPE = NONE for FIXED_IO_ps_porb. (constraint file  {C:/Users/Public/Zynq System/Zynq System.runs/synth_1/.Xil/Vivado-2204-DESKTOP-B38P1G4/dcp3/Zynq_System_processing_system7_0_0_in_context.xdc}, line 171).
Applied set_property IO_BUFFER_TYPE = NONE for FIXED_IO_ps_srstb. (constraint file  {C:/Users/Public/Zynq System/Zynq System.runs/synth_1/.Xil/Vivado-2204-DESKTOP-B38P1G4/dcp3/Zynq_System_processing_system7_0_0_in_context.xdc}, line 172).
Applied set_property CLOCK_BUFFER_TYPE = NONE for FIXED_IO_ps_srstb. (constraint file  {C:/Users/Public/Zynq System/Zynq System.runs/synth_1/.Xil/Vivado-2204-DESKTOP-B38P1G4/dcp3/Zynq_System_processing_system7_0_0_in_context.xdc}, line 173).
Applied set_property DONT_TOUCH = true for Zynq_System_i. (constraint file  auto generated constraint, line ).
Applied set_property DONT_TOUCH = true for Zynq_System_i/LogicSignalOut_0. (constraint file  auto generated constraint, line ).
Applied set_property DONT_TOUCH = true for Zynq_System_i/proc_sys_reset_0. (constraint file  auto generated constraint, line ).
Applied set_property DONT_TOUCH = true for Zynq_System_i/processing_system7_0. (constraint file  auto generated constraint, line ).
---------------------------------------------------------------------------------
Finished applying 'set_property' XDC Constraints : Time (s): cpu = 00:00:39 ; elapsed = 00:00:45 . Memory (MB): peak = 679.859 ; gain = 418.043
---------------------------------------------------------------------------------
---------------------------------------------------------------------------------
Finished RTL Optimization Phase 2 : Time (s): cpu = 00:00:39 ; elapsed = 00:00:45 . Memory (MB): peak = 679.859 ; gain = 418.043
---------------------------------------------------------------------------------

Report RTL Partitions: 
+-+--------------+------------+----------+
| |RTL Partition |Replication |Instances |
+-+--------------+------------+----------+
+-+--------------+------------+----------+
---------------------------------------------------------------------------------
Start RTL Component Statistics 
---------------------------------------------------------------------------------
Detailed RTL Component Info : 
---------------------------------------------------------------------------------
Finished RTL Component Statistics 
---------------------------------------------------------------------------------
---------------------------------------------------------------------------------
Start RTL Hierarchical Component Statistics 
---------------------------------------------------------------------------------
Hierarchical RTL Component report 
---------------------------------------------------------------------------------
Finished RTL Hierarchical Component Statistics
---------------------------------------------------------------------------------
---------------------------------------------------------------------------------
Start Part Resource Summary
---------------------------------------------------------------------------------
Part Resources:
DSPs: 66 (col length:40)
BRAMs: 100 (col length: RAMB18 40 RAMB36 20)
---------------------------------------------------------------------------------
Finished Part Resource Summary
---------------------------------------------------------------------------------
---------------------------------------------------------------------------------
Start Cross Boundary and Area Optimization
---------------------------------------------------------------------------------
---------------------------------------------------------------------------------
Finished Cross Boundary and Area Optimization : Time (s): cpu = 00:00:40 ; elapsed = 00:00:46 . Memory (MB): peak = 679.859 ; gain = 418.043
---------------------------------------------------------------------------------

Report RTL Partitions: 
+-+--------------+------------+----------+
| |RTL Partition |Replication |Instances |
+-+--------------+------------+----------+
+-+--------------+------------+----------+
---------------------------------------------------------------------------------
Start Applying XDC Timing Constraints
---------------------------------------------------------------------------------
INFO: [Synth 8-5578] Moved timing constraint from pin 'Zynq_System_i/processing_system7_0/FCLK_CLK0' to pin 'Zynq_System_i/processing_system7_0/bbstub_FCLK_CLK0/O'
INFO: [Synth 8-5819] Moved 1 constraints on hierarchical pins to their respective driving/loading pins
---------------------------------------------------------------------------------
Finished Applying XDC Timing Constraints : Time (s): cpu = 00:00:55 ; elapsed = 00:01:02 . Memory (MB): peak = 738.563 ; gain = 476.746
---------------------------------------------------------------------------------
---------------------------------------------------------------------------------
Start Timing Optimization
---------------------------------------------------------------------------------
---------------------------------------------------------------------------------
Finished Timing Optimization : Time (s): cpu = 00:00:55 ; elapsed = 00:01:02 . Memory (MB): peak = 738.563 ; gain = 476.746
---------------------------------------------------------------------------------

Report RTL Partitions: 
+-+--------------+------------+----------+
| |RTL Partition |Replication |Instances |
+-+--------------+------------+----------+
+-+--------------+------------+----------+
---------------------------------------------------------------------------------
Start Technology Mapping
---------------------------------------------------------------------------------
---------------------------------------------------------------------------------
Finished Technology Mapping : Time (s): cpu = 00:00:55 ; elapsed = 00:01:02 . Memory (MB): peak = 748.168 ; gain = 486.352
---------------------------------------------------------------------------------

Report RTL Partitions: 
+-+--------------+------------+----------+
| |RTL Partition |Replication |Instances |
+-+--------------+------------+----------+
+-+--------------+------------+----------+
---------------------------------------------------------------------------------
Start IO Insertion
---------------------------------------------------------------------------------
---------------------------------------------------------------------------------
Start Flattening Before IO Insertion
---------------------------------------------------------------------------------
---------------------------------------------------------------------------------
Finished Flattening Before IO Insertion
---------------------------------------------------------------------------------
---------------------------------------------------------------------------------
Start Final Netlist Cleanup
---------------------------------------------------------------------------------
---------------------------------------------------------------------------------
Finished Final Netlist Cleanup
---------------------------------------------------------------------------------
---------------------------------------------------------------------------------
Finished IO Insertion : Time (s): cpu = 00:00:56 ; elapsed = 00:01:04 . Memory (MB): peak = 748.168 ; gain = 486.352
---------------------------------------------------------------------------------

Report Check Netlist: 
+------+------------------+-------+---------+-------+------------------+
|      |Item              |Errors |Warnings |Status |Description       |
+------+------------------+-------+---------+-------+------------------+
|1     |multi_driven_nets |      0|        0|Passed |Multi driven nets |
+------+------------------+-------+---------+-------+------------------+
---------------------------------------------------------------------------------
Start Renaming Generated Instances
---------------------------------------------------------------------------------
---------------------------------------------------------------------------------
Finished Renaming Generated Instances : Time (s): cpu = 00:00:56 ; elapsed = 00:01:04 . Memory (MB): peak = 748.168 ; gain = 486.352
---------------------------------------------------------------------------------

Report RTL Partitions: 
+-+--------------+------------+----------+
| |RTL Partition |Replication |Instances |
+-+--------------+------------+----------+
+-+--------------+------------+----------+
---------------------------------------------------------------------------------
Start Rebuilding User Hierarchy
---------------------------------------------------------------------------------
---------------------------------------------------------------------------------
Finished Rebuilding User Hierarchy : Time (s): cpu = 00:00:56 ; elapsed = 00:01:04 . Memory (MB): peak = 748.168 ; gain = 486.352
---------------------------------------------------------------------------------
---------------------------------------------------------------------------------
Start Renaming Generated Ports
---------------------------------------------------------------------------------
---------------------------------------------------------------------------------
Finished Renaming Generated Ports : Time (s): cpu = 00:00:56 ; elapsed = 00:01:04 . Memory (MB): peak = 748.168 ; gain = 486.352
---------------------------------------------------------------------------------
---------------------------------------------------------------------------------
Start Handling Custom Attributes
---------------------------------------------------------------------------------
---------------------------------------------------------------------------------
Finished Handling Custom Attributes : Time (s): cpu = 00:00:56 ; elapsed = 00:01:04 . Memory (MB): peak = 748.168 ; gain = 486.352
---------------------------------------------------------------------------------
---------------------------------------------------------------------------------
Start Renaming Generated Nets
---------------------------------------------------------------------------------
---------------------------------------------------------------------------------
Finished Renaming Generated Nets : Time (s): cpu = 00:00:56 ; elapsed = 00:01:04 . Memory (MB): peak = 748.168 ; gain = 486.352
---------------------------------------------------------------------------------
---------------------------------------------------------------------------------
Start Writing Synthesis Report
---------------------------------------------------------------------------------

Report BlackBoxes: 
+------+-----------------------------------+----------+
|      |BlackBox name                      |Instances |
+------+-----------------------------------+----------+
|1     |Zynq_System_LogicSignalOut_0_0     |         1|
|2     |Zynq_System_proc_sys_reset_0_1     |         1|
|3     |Zynq_System_processing_system7_0_0 |         1|
+------+-----------------------------------+----------+

Report Cell Usage: 
+------+-----------------------------------+------+
|      |Cell                               |Count |
+------+-----------------------------------+------+
|1     |Zynq_System_LogicSignalOut_0_0     |     1|
|2     |Zynq_System_proc_sys_reset_0_1     |     1|
|3     |Zynq_System_processing_system7_0_0 |     1|
|4     |OBUF                               |    12|
+------+-----------------------------------+------+

Report Instance Areas: 
+------+----------------+------------+------+
|      |Instance        |Module      |Cells |
+------+----------------+------------+------+
|1     |top             |            |    67|
|2     |  Zynq_System_i |Zynq_System |    55|
+------+----------------+------------+------+
---------------------------------------------------------------------------------
Finished Writing Synthesis Report : Time (s): cpu = 00:00:56 ; elapsed = 00:01:04 . Memory (MB): peak = 748.168 ; gain = 486.352
---------------------------------------------------------------------------------
Synthesis finished with 0 errors, 0 critical warnings and 0 warnings.
Synthesis Optimization Runtime : Time (s): cpu = 00:00:31 ; elapsed = 00:00:44 . Memory (MB): peak = 748.168 ; gain = 225.703
Synthesis Optimization Complete : Time (s): cpu = 00:00:57 ; elapsed = 00:01:04 . Memory (MB): peak = 748.168 ; gain = 486.352
INFO: [Project 1-571] Translating synthesized netlist
INFO: [Project 1-570] Preparing netlist for logic optimization
INFO: [Opt 31-138] Pushed 0 inverter(s) to 0 load pin(s).
INFO: [Project 1-111] Unisim Transformation Summary:
No Unisim elements were transformed.

INFO: [Common 17-83] Releasing license: Synthesis
25 Infos, 50 Warnings, 0 Critical Warnings and 0 Errors encountered.
synth_design completed successfully
synth_design: Time (s): cpu = 00:00:59 ; elapsed = 00:01:10 . Memory (MB): peak = 759.430 ; gain = 504.793
INFO: [Common 17-1381] The checkpoint 'C:/Users/Public/Zynq System/Zynq System.runs/synth_1/Zynq_System_wrapper.dcp' has been generated.
INFO: [runtcl-4] Executing : report_utilization -file Zynq_System_wrapper_utilization_synth.rpt -pb Zynq_System_wrapper_utilization_synth.pb
report_utilization: Time (s): cpu = 00:00:00 ; elapsed = 00:00:00.043 . Memory (MB): peak = 759.836 ; gain = 0.004
INFO: [Common 17-206] Exiting Vivado at Sun Jun 21 15:24:08 2020...
