#-----------------------------------------------------------
# Vivado v2017.4 (64-bit)
# SW Build 2086221 on Fri Dec 15 20:55:39 MST 2017
# IP Build 2085800 on Fri Dec 15 22:25:07 MST 2017
# Start of session at: Tue Apr 14 16:16:53 2020
# Process ID: 788
# Current directory: C:/Users/rlatj/OneDrive/Full_Adder_Project
# Command line: vivado.exe -gui_launcher_event rodinguilauncherevent5500 C:\Users\rlatj\OneDrive\Full_Adder_Project\Full_Adder_Project.xpr
# Log file: C:/Users/rlatj/OneDrive/Full_Adder_Project/vivado.log
# Journal file: C:/Users/rlatj/OneDrive/Full_Adder_Project\vivado.jou
#-----------------------------------------------------------
start_gui
open_project C:/Users/rlatj/OneDrive/Full_Adder_Project/Full_Adder_Project.xpr
Scanning sources...
Finished scanning sources
INFO: [IP_Flow 19-234] Refreshing IP repositories
INFO: [IP_Flow 19-1704] No user IP repositories specified
INFO: [IP_Flow 19-2313] Loaded Vivado IP repository 'C:/Xilinx/Vivado/2017.4/data/ip'.
open_project: Time (s): cpu = 00:00:27 ; elapsed = 00:00:12 . Memory (MB): peak = 793.266 ; gain = 86.719
update_compile_order -fileset sources_1
